[14Dec2024 03:15:25.992] [main/INFO] [cpw.mods.modlauncher.Launcher/MODLAUNCHER]: ModLauncher running: args [--launchTarget, forgeserver, --fml.forgeVersion, 40.2.0, --fml.mcVersion, 1.18.2, --fml.forgeGroup, net.minecraftforge, --fml.mcpVersion, 20220404.173914]
[14Dec2024 03:15:26.002] [main/INFO] [cpw.mods.modlauncher.Launcher/MODLAUNCHER]: ModLauncher 9.1.3+9.1.3+main.9b69c82a starting: java version 21.0.4 by Microsoft
[14Dec2024 03:15:26.182] [main/INFO] [mixin/]: SpongePowered MIXIN Subsystem Version=0.8.5 Source=union:/workspaces/MSP.20/servidor_minecraft/libraries/org/spongepowered/mixin/0.8.5/mixin-0.8.5.jar%2314!/ Service=ModLauncher Env=SERVER
[14Dec2024 03:15:27.017] [main/WARN] [net.minecraftforge.fml.loading.moddiscovery.ModFileParser/LOADING]: Mod file /workspaces/MSP.20/servidor_minecraft/libraries/net/minecraftforge/fmlcore/1.18.2-40.2.0/fmlcore-1.18.2-40.2.0.jar is missing mods.toml file
[14Dec2024 03:15:27.025] [main/WARN] [net.minecraftforge.fml.loading.moddiscovery.ModFileParser/LOADING]: Mod file /workspaces/MSP.20/servidor_minecraft/libraries/net/minecraftforge/javafmllanguage/1.18.2-40.2.0/javafmllanguage-1.18.2-40.2.0.jar is missing mods.toml file
[14Dec2024 03:15:27.028] [main/WARN] [net.minecraftforge.fml.loading.moddiscovery.ModFileParser/LOADING]: Mod file /workspaces/MSP.20/servidor_minecraft/libraries/net/minecraftforge/lowcodelanguage/1.18.2-40.2.0/lowcodelanguage-1.18.2-40.2.0.jar is missing mods.toml file
[14Dec2024 03:15:27.031] [main/WARN] [net.minecraftforge.fml.loading.moddiscovery.ModFileParser/LOADING]: Mod file /workspaces/MSP.20/servidor_minecraft/libraries/net/minecraftforge/mclanguage/1.18.2-40.2.0/mclanguage-1.18.2-40.2.0.jar is missing mods.toml file
[14Dec2024 03:15:27.277] [main/INFO] [net.minecraftforge.fml.loading.moddiscovery.JarInJarDependencyLocator/]: Found 2 dependencies adding them to mods collection
[14Dec2024 03:15:32.949] [main/INFO] [mixin/]: Compatibility level set to JAVA_17
[14Dec2024 03:15:32.983] [main/ERROR] [mixin/]: Mixin config justhammers.mixins.json does not specify "minVersion" property
[14Dec2024 03:15:33.135] [main/INFO] [mixin/]: Successfully loaded Mixin Connector [org.tlauncher.MixinConnector]
[14Dec2024 03:15:33.148] [main/INFO] [cpw.mods.modlauncher.LaunchServiceHandler/MODLAUNCHER]: Launching target 'forgeserver' with arguments []
[14Dec2024 03:15:33.171] [main/WARN] [mixin/]: Reference map 'justhammers-forge-forge-refmap.json' for justhammers.mixins.json could not be read. If this is a development environment you can ignore this message
[14Dec2024 03:15:33.414] [main/WARN] [mixin/]: Error loading class: net/minecraft/world/item/ItemStack (java.lang.IllegalArgumentException: Unsupported class file major version 65)
[14Dec2024 03:15:33.420] [main/WARN] [mixin/]: @Mixin target net.minecraft.world.item.ItemStack was not found puffish_skills.mixins.json:ItemStackMixin
[14Dec2024 03:15:33.652] [main/INFO] [net.minecraftforge.coremod.CoreMod.uteamcore/COREMODLOG]: Injected ASMUContainerMenuHook call into ServerPlayer#initMenu
[14Dec2024 03:15:34.383] [main/FATAL] [net.minecraftforge.fml.loading.RuntimeDistCleaner/DISTXFORM]: Attempted to load class net/minecraft/client/player/AbstractClientPlayer for invalid dist DEDICATED_SERVER
[14Dec2024 03:15:34.385] [main/WARN] [mixin/]: Error loading class: net/minecraft/client/player/AbstractClientPlayer (java.lang.RuntimeException: Attempted to load class net/minecraft/client/player/AbstractClientPlayer for invalid dist DEDICATED_SERVER)
[14Dec2024 03:15:34.389] [main/WARN] [mixin/]: @Mixin target net.minecraft.client.player.AbstractClientPlayer was not found tlskincape-mixins.json:MixinAbstractPlayer
[14Dec2024 03:15:34.391] [main/FATAL] [net.minecraftforge.fml.loading.RuntimeDistCleaner/DISTXFORM]: Attempted to load class net/minecraft/client/gui/screens/TitleScreen for invalid dist DEDICATED_SERVER
[14Dec2024 03:15:34.391] [main/WARN] [mixin/]: Error loading class: net/minecraft/client/gui/screens/TitleScreen (java.lang.RuntimeException: Attempted to load class net/minecraft/client/gui/screens/TitleScreen for invalid dist DEDICATED_SERVER)
[14Dec2024 03:15:34.391] [main/WARN] [mixin/]: @Mixin target net.minecraft.client.gui.screens.TitleScreen was not found tlskincape-mixins.json:MixinMainMenu
[14Dec2024 03:15:34.392] [main/WARN] [mixin/]: Error loading class: net/minecraft/client/model/PlayerModel (java.lang.ClassNotFoundException: net.minecraft.client.model.PlayerModel)
[14Dec2024 03:15:34.392] [main/WARN] [mixin/]: @Mixin target net.minecraft.client.model.PlayerModel was not found tlskincape-mixins.json:MixinPlayerModel
[14Dec2024 03:15:34.478] [main/WARN] [mixin/]: Error loading class: java/lang/invoke/MethodHandles$Lookup (java.lang.IllegalArgumentException: Unsupported class file major version 65)
[14Dec2024 03:15:34.481] [main/WARN] [mixin/]: Error loading class: java/lang/invoke/MethodHandles$Lookup (java.lang.IllegalArgumentException: Unsupported class file major version 65)
[14Dec2024 03:15:34.482] [main/WARN] [mixin/]: Error loading class: java/lang/invoke/MethodHandles$Lookup (java.lang.IllegalArgumentException: Unsupported class file major version 65)
[14Dec2024 03:15:34.485] [main/WARN] [mixin/]: Error loading class: java/util/Map$Entry (java.lang.IllegalArgumentException: Unsupported class file major version 65)
[14Dec2024 03:15:34.489] [main/WARN] [mixin/]: Error loading class: java/lang/invoke/MethodHandles$Lookup (java.lang.IllegalArgumentException: Unsupported class file major version 65)
[14Dec2024 03:15:34.492] [main/WARN] [mixin/]: Error loading class: java/lang/invoke/MethodHandles$Lookup (java.lang.IllegalArgumentException: Unsupported class file major version 65)
[14Dec2024 03:15:34.495] [main/WARN] [mixin/]: Error loading class: java/lang/invoke/MethodHandles$Lookup (java.lang.IllegalArgumentException: Unsupported class file major version 65)
[14Dec2024 03:15:34.512] [main/WARN] [mixin/]: Error loading class: java/lang/invoke/MethodHandles$Lookup (java.lang.IllegalArgumentException: Unsupported class file major version 65)
[14Dec2024 03:15:34.519] [main/WARN] [mixin/]: Error loading class: java/lang/invoke/MethodHandles$Lookup (java.lang.IllegalArgumentException: Unsupported class file major version 65)
[14Dec2024 03:15:34.544] [main/WARN] [mixin/]: Error loading class: java/util/Map$Entry (java.lang.IllegalArgumentException: Unsupported class file major version 65)
[14Dec2024 03:15:34.546] [main/WARN] [mixin/]: Error loading class: java/lang/invoke/MethodHandles$Lookup (java.lang.IllegalArgumentException: Unsupported class file major version 65)
[14Dec2024 03:15:34.554] [main/WARN] [mixin/]: Error loading class: java/lang/invoke/MethodHandles$Lookup (java.lang.IllegalArgumentException: Unsupported class file major version 65)
[14Dec2024 03:15:34.558] [main/WARN] [mixin/]: Error loading class: java/lang/invoke/MethodHandles$Lookup (java.lang.IllegalArgumentException: Unsupported class file major version 65)
[14Dec2024 03:15:35.287] [main/WARN] [mixin/]: Error loading class: java/lang/Integer (java.lang.IllegalArgumentException: Unsupported class file major version 65)
